<?xml version="1.0" encoding="UTF-8"?>
<testsuite xmlns:xsi="http://www.w3.org/2001/XMLSchema-instance" xsi:noNamespaceSchemaLocation="https://maven.apache.org/surefire/maven-surefire-plugin/xsd/surefire-test-report.xsd" name="com.pertemuan9.AirportTest" time="0.03" tests="4" errors="0" skipped="0" failures="0">
  <properties>
    <property name="java.specification.version" value="21"/>
    <property name="sun.cpu.isalist" value="amd64"/>
    <property name="sun.jnu.encoding" value="Cp1252"/>
    <property name="java.class.path" value="C:\FOLDER KULIAH DEVI MAULANI NEW\SEMESTER 2\TEKPRO\PRAKTEK\pertemuan 9\proyekpackage\target\test-classes;C:\FOLDER KULIAH DEVI MAULANI NEW\SEMESTER 2\TEKPRO\PRAKTEK\pertemuan 9\proyekpackage\target\classes;C:\Users\Devi Maulani\.m2\repository\org\junit\jupiter\junit-jupiter-api\5.8.2\junit-jupiter-api-5.8.2.jar;C:\Users\Devi Maulani\.m2\repository\org\opentest4j\opentest4j\1.2.0\opentest4j-1.2.0.jar;C:\Users\Devi Maulani\.m2\repository\org\junit\platform\junit-platform-commons\1.8.2\junit-platform-commons-1.8.2.jar;C:\Users\Devi Maulani\.m2\repository\org\apiguardian\apiguardian-api\1.1.2\apiguardian-api-1.1.2.jar;C:\Users\Devi Maulani\.m2\repository\org\junit\jupiter\junit-jupiter-engine\5.8.2\junit-jupiter-engine-5.8.2.jar;C:\Users\Devi Maulani\.m2\repository\org\junit\platform\junit-platform-engine\1.8.2\junit-platform-engine-1.8.2.jar;"/>
    <property name="java.vm.vendor" value="Eclipse Adoptium"/>
    <property name="sun.arch.data.model" value="64"/>
    <property name="user.variant" value=""/>
    <property name="java.vendor.url" value="https://adoptium.net/"/>
    <property name="user.timezone" value="Asia/Jakarta"/>
    <property name="os.name" value="Windows 11"/>
    <property name="java.vm.specification.version" value="21"/>
    <property name="sun.java.launcher" value="SUN_STANDARD"/>
    <property name="user.country" value="ID"/>
    <property name="sun.boot.library.path" value="C:\Program Files\Eclipse Adoptium\jdk-21.0.7.6-hotspot\bin"/>
    <property name="sun.java.command" value="C:\Users\DEVIMA~1\AppData\Local\Temp\surefire1934393944333725509\surefirebooter12144001109344502853.jar C:\Users\Devi Maulani\AppData\Local\Temp\surefire1934393944333725509 2025-05-09T15-18-07_093-jvmRun1 surefire7454869311459656543tmp surefire_013740460853326748734tmp"/>
    <property name="jdk.debug" value="release"/>
    <property name="surefire.test.class.path" value="C:\FOLDER KULIAH DEVI MAULANI NEW\SEMESTER 2\TEKPRO\PRAKTEK\pertemuan 9\proyekpackage\target\test-classes;C:\FOLDER KULIAH DEVI MAULANI NEW\SEMESTER 2\TEKPRO\PRAKTEK\pertemuan 9\proyekpackage\target\classes;C:\Users\Devi Maulani\.m2\repository\org\junit\jupiter\junit-jupiter-api\5.8.2\junit-jupiter-api-5.8.2.jar;C:\Users\Devi Maulani\.m2\repository\org\opentest4j\opentest4j\1.2.0\opentest4j-1.2.0.jar;C:\Users\Devi Maulani\.m2\repository\org\junit\platform\junit-platform-commons\1.8.2\junit-platform-commons-1.8.2.jar;C:\Users\Devi Maulani\.m2\repository\org\apiguardian\apiguardian-api\1.1.2\apiguardian-api-1.1.2.jar;C:\Users\Devi Maulani\.m2\repository\org\junit\jupiter\junit-jupiter-engine\5.8.2\junit-jupiter-engine-5.8.2.jar;C:\Users\Devi Maulani\.m2\repository\org\junit\platform\junit-platform-engine\1.8.2\junit-platform-engine-1.8.2.jar;"/>
    <property name="sun.cpu.endian" value="little"/>
    <property name="user.home" value="C:\Users\Devi Maulani"/>
    <property name="user.language" value="en"/>
    <property name="java.specification.vendor" value="Oracle Corporation"/>
    <property name="java.version.date" value="2025-04-15"/>
    <property name="java.home" value="C:\Program Files\Eclipse Adoptium\jdk-21.0.7.6-hotspot"/>
    <property name="file.separator" value="\"/>
    <property name="basedir" value="C:\FOLDER KULIAH DEVI MAULANI NEW\SEMESTER 2\TEKPRO\PRAKTEK\pertemuan 9\proyekpackage"/>
    <property name="java.vm.compressedOopsMode" value="Zero based"/>
    <property name="line.separator" value="&#10;"/>
    <property name="java.vm.specification.vendor" value="Oracle Corporation"/>
    <property name="java.specification.name" value="Java Platform API Specification"/>
    <property name="surefire.real.class.path" value="C:\Users\DEVIMA~1\AppData\Local\Temp\surefire1934393944333725509\surefirebooter12144001109344502853.jar"/>
    <property name="user.script" value=""/>
    <property name="sun.management.compiler" value="HotSpot 64-Bit Tiered Compilers"/>
    <property name="java.runtime.version" value="21.0.7+6-LTS"/>
    <property name="user.name" value="Devi Maulani"/>
    <property name="stdout.encoding" value="Cp1252"/>
    <property name="path.separator" value=";"/>
    <property name="os.version" value="10.0"/>
    <property name="java.runtime.name" value="OpenJDK Runtime Environment"/>
    <property name="file.encoding" value="UTF-8"/>
    <property name="java.vm.name" value="OpenJDK 64-Bit Server VM"/>
    <property name="java.vendor.version" value="Temurin-21.0.7+6"/>
    <property name="localRepository" value="C:\Users\Devi Maulani\.m2\repository"/>
    <property name="java.vendor.url.bug" value="https://github.com/adoptium/adoptium-support/issues"/>
    <property name="java.io.tmpdir" value="C:\Users\DEVIMA~1\AppData\Local\Temp\"/>
    <property name="java.version" value="21.0.7"/>
    <property name="user.dir" value="C:\FOLDER KULIAH DEVI MAULANI NEW\SEMESTER 2\TEKPRO\PRAKTEK\pertemuan 9\proyekpackage"/>
    <property name="os.arch" value="amd64"/>
    <property name="java.vm.specification.name" value="Java Virtual Machine Specification"/>
    <property name="sun.os.patch.level" value=""/>
    <property name="native.encoding" value="Cp1252"/>
    <property name="java.library.path" value="C:\Program Files\Eclipse Adoptium\jdk-21.0.7.6-hotspot\bin;C:\WINDOWS\Sun\Java\bin;C:\WINDOWS\system32;C:\WINDOWS;C:\Program Files\Eclipse Adoptium\jdk-21.0.7.6-hotspot\bin;C:\WINDOWS\system32;C:\WINDOWS;C:\WINDOWS\System32\Wbem;C:\WINDOWS\System32\WindowsPowerShell\v1.0\;C:\WINDOWS\System32\OpenSSH\;C:\MinGW\bin;C:\Users\Devi Maulani\Downloads\apache-maven-3.9.9-bin\apache-maven-3.9.9\bin;C:\Users\Devi Maulani\AppData\Local\Programs\Python\Python313\Scripts\;C:\Users\Devi Maulani\AppData\Local\Programs\Python\Python313\;C:\Users\Devi Maulani\AppData\Local\Microsoft\WindowsApps;C:\Users\Devi Maulani\AppData\Local\Programs\Microsoft VS Code\bin;C:\Users\Devi Maulani\AppData\Local\Programs\cursor\resources\app\bin;C:\Users\Devi Maulani\Downloads\apache-maven-3.9.9-bin;C:\Users\Devi Maulani\Downloads\apache-maven-3.9.9-bin\apache-maven-3.9.9\bin;;."/>
    <property name="java.vm.info" value="mixed mode, sharing"/>
    <property name="stderr.encoding" value="Cp1252"/>
    <property name="java.vendor" value="Eclipse Adoptium"/>
    <property name="java.vm.version" value="21.0.7+6-LTS"/>
    <property name="sun.io.unicode.encoding" value="UnicodeLittle"/>
    <property name="java.class.version" value="65.0"/>
  </properties>
  <testcase name="testBusinessFlightRegularPassenger" classname="com.pertemuan9.AirportTest$BusinessFlightTest$RegularPassenger" time="0.015"/>
  <testcase name="testBusinessFlightVipPassenger" classname="com.pertemuan9.AirportTest$BusinessFlightTest$VipPassenger" time="0.005"/>
  <testcase name="testEconomyFlightRegularPassenger" classname="com.pertemuan9.AirportTest$EconomyFlightTest$RegularPassenger" time="0"/>
  <testcase name="testEconomyFlightVipPassenger" classname="com.pertemuan9.AirportTest$EconomyFlightTest$VipPassenger" time="0"/>
</testsuite>